#
# There is insufficient memory for the Java Runtime Environment to continue.
# Native memory allocation (malloc) failed to allocate 32744 bytes for Chunk::new
# Possible reasons:
#   The system is out of physical RAM or swap space
#   The process is running with CompressedOops enabled, and the Java Heap may be blocking the growth of the native heap
# Possible solutions:
#   Reduce memory load on the system
#   Increase physical memory or swap space
#   Check if swap backing store is full
#   Decrease Java heap size (-Xmx/-Xms)
#   Decrease number of Java threads
#   Decrease Java thread stack sizes (-Xss)
#   Set larger code cache with -XX:ReservedCodeCacheSize=
#   JVM is running with Unscaled Compressed Oops mode in which the Java heap is
#     placed in the first 4GB address space. The Java Heap base address is the
#     maximum limit for the native heap growth. Please use -XX:HeapBaseMinAddress
#     to set the Java Heap base and to place the Java Heap above 4GB virtual address.
# This output file may be truncated or incomplete.
#
#  Out of Memory Error (arena.cpp:184), pid=27852, tid=26008
#
# JRE version: Java(TM) SE Runtime Environment (20.0.1+9) (build 20.0.1+9-29)
# Java VM: Java HotSpot(TM) 64-Bit Server VM (20.0.1+9-29, mixed mode, sharing, tiered, compressed oops, compressed class ptrs, g1 gc, windows-amd64)
# No core dump will be written. Minidumps are not enabled by default on client versions of Windows
#

---------------  S U M M A R Y ------------

Command Line: -javaagent:C:\Program Files\JetBrains\IntelliJ IDEA Community Edition 2023.1.1\lib\idea_rt.jar=53034:C:\Program Files\JetBrains\IntelliJ IDEA Community Edition 2023.1.1\bin -Dfile.encoding=UTF-8 -Dsun.stdout.encoding=UTF-8 -Dsun.stderr.encoding=UTF-8 --module-path=C:\Users\aysea\.m2\repository\org\openjfx\javafx-base\20\javafx-base-20-win.jar;C:\Users\aysea\.m2\repository\com\dlsc\formsfx\formsfx-core\11.6.0\formsfx-core-11.6.0.jar;C:\Users\aysea\.m2\repository\org\openjfx\javafx-controls\20\javafx-controls-20-win.jar;C:\Users\aysea\.m2\repository\org\openjfx\javafx-graphics\20\javafx-graphics-20-win.jar;C:\Users\aysea\IdeaProjects\Graduation\target\classes;C:\Users\aysea\.m2\repository\org\openjfx\javafx-fxml\20\javafx-fxml-20-win.jar -Djdk.module.main=com.example.graduation com.example.graduation/com.example.graduation.HelloApplication

Host: Intel(R) Core(TM) i5-10210U CPU @ 1.60GHz, 8 cores, 3G,  Windows 11 , 64 bit Build 22621 (10.0.22621.2506)
Time: Sun Feb  4 21:32:06 2024 Türkiye Standart Saati elapsed time: 1.252760 seconds (0d 0h 0m 1s)

---------------  T H R E A D  ---------------

Current thread (0x00000265a0e80830):  JavaThread "C2 CompilerThread0" daemon [_thread_in_native, id=26008, stack(0x0000009119100000,0x0000009119200000)]


Current CompileTask:
C2:   1252  253       4       java.util.stream.ReferencePipeline$3$1::accept (23 bytes)

Stack: [0x0000009119100000,0x0000009119200000]
Native frames: (J=compiled Java code, j=interpreted, Vv=VM code, C=native code)
V  [jvm.dll+0x6bb95a]
V  [jvm.dll+0x8485fa]
V  [jvm.dll+0x84a1f5]
V  [jvm.dll+0x84a8f3]
V  [jvm.dll+0x280b0f]
V  [jvm.dll+0xc2b11]
V  [jvm.dll+0xc2e35]
V  [jvm.dll+0x6e4b10]
V  [jvm.dll+0x1e6f06]
V  [jvm.dll+0x24b3ab]
V  [jvm.dll+0x24a651]
V  [jvm.dll+0x1ce491]
V  [jvm.dll+0x259e1b]
V  [jvm.dll+0x2584f0]
V  [jvm.dll+0x3f2895]
V  [jvm.dll+0x7f4b56]
V  [jvm.dll+0x6ba5cb]
C  [ucrtbase.dll+0x29363]
C  [KERNEL32.DLL+0x1257d]
C  [ntdll.dll+0x5aa58]


---------------  P R O C E S S  ---------------

Threads class SMR info:
_java_thread_list=0x00000265a5a59ef0, length=12, elements={
0x0000026585b87180, 0x00000265a0e75e70, 0x00000265a0e78f90, 0x00000265a0e79d90,
0x00000265a0e7d6f0, 0x00000265a0e7e270, 0x00000265a0e7ebb0, 0x00000265a0e80830,
0x00000265a0e88a50, 0x00000265a517aa90, 0x00000265a5a05e40, 0x00000265a5a0b3d0
}

Java Threads: ( => current thread )
  0x0000026585b87180 JavaThread "main" [_thread_in_native, id=35748, stack(0x0000009118400000,0x0000009118500000)]
  0x00000265a0e75e70 JavaThread "Reference Handler" daemon [_thread_blocked, id=32040, stack(0x0000009118b00000,0x0000009118c00000)]
  0x00000265a0e78f90 JavaThread "Finalizer" daemon [_thread_blocked, id=31200, stack(0x0000009118c00000,0x0000009118d00000)]
  0x00000265a0e79d90 JavaThread "Signal Dispatcher" daemon [_thread_blocked, id=35412, stack(0x0000009118d00000,0x0000009118e00000)]
  0x00000265a0e7d6f0 JavaThread "Attach Listener" daemon [_thread_blocked, id=29292, stack(0x0000009118e00000,0x0000009118f00000)]
  0x00000265a0e7e270 JavaThread "Service Thread" daemon [_thread_blocked, id=16448, stack(0x0000009118f00000,0x0000009119000000)]
  0x00000265a0e7ebb0 JavaThread "Monitor Deflation Thread" daemon [_thread_blocked, id=10024, stack(0x0000009119000000,0x0000009119100000)]
=>0x00000265a0e80830 JavaThread "C2 CompilerThread0" daemon [_thread_in_native, id=26008, stack(0x0000009119100000,0x0000009119200000)]
  0x00000265a0e88a50 JavaThread "C1 CompilerThread0" daemon [_thread_blocked, id=32080, stack(0x0000009119200000,0x0000009119300000)]
  0x00000265a517aa90 JavaThread "Common-Cleaner" daemon [_thread_blocked, id=30604, stack(0x0000009119300000,0x0000009119400000)]
  0x00000265a5a05e40 JavaThread "Monitor Ctrl-Break" daemon [_thread_in_native, id=19020, stack(0x0000009119400000,0x0000009119500000)]
  0x00000265a5a0b3d0 JavaThread "Notification Thread" daemon [_thread_blocked, id=29096, stack(0x0000009119500000,0x0000009119600000)]

Other Threads:
  0x00000265a0e58b70 VMThread "VM Thread" [stack: 0x0000009118a00000,0x0000009118b00000] [id=28312]
  0x00000265a5ae7bf0 WatcherThread "VM Periodic Task Thread" [stack: 0x0000009119600000,0x0000009119700000] [id=29988]
  0x0000026585bc6fa0 WorkerThread "GC Thread#0" [stack: 0x0000009118500000,0x0000009118600000] [id=20864]
  0x0000026585bcfa30 ConcurrentGCThread "G1 Main Marker" [stack: 0x0000009118600000,0x0000009118700000] [id=34364]
  0x0000026585bd0460 WorkerThread "G1 Conc#0" [stack: 0x0000009118700000,0x0000009118800000] [id=20920]
  0x0000026585c33bf0 ConcurrentGCThread "G1 Refine#0" [stack: 0x0000009118800000,0x0000009118900000] [id=25240]
  0x0000026585c34690 ConcurrentGCThread "G1 Service" [stack: 0x0000009118900000,0x0000009118a00000] [id=29468]

Threads with active compile tasks:
C2 CompilerThread0     1350  253       4       java.util.stream.ReferencePipeline$3$1::accept (23 bytes)

VM state: not at safepoint (normal execution)

VM Mutex/Monitor currently owned by a thread: None

Heap address: 0x00000000c2800000, size: 984 MB, Compressed Oops mode: 32-bit

CDS archive(s) mapped at: [0x0000000800000000-0x0000000800c60000-0x0000000800c60000), size 12976128, SharedBaseAddress: 0x0000000800000000, ArchiveRelocationMode: 0.
Compressed class space mapped at: 0x0000000801000000-0x0000000841000000, reserved size: 1073741824
Narrow klass base: 0x0000000800000000, Narrow klass shift: 0, Narrow klass range: 0x100000000

GC Precious Log:
 CardTable entry size: 512
 Card Set container configuration: InlinePtr #cards 5 size 8 Array Of Cards #cards 12 size 40 Howl #buckets 4 coarsen threshold 1843 Howl Bitmap #cards 512 size 80 coarsen threshold 460 Card regions per heap region 1 cards per card region 2048
 CPUs: 8 total, 8 available
 Memory: 3929M
 Large Page Support: Disabled
 NUMA Support: Disabled
 Compressed Oops: Enabled (32-bit)
 Heap Region Size: 1M
 Heap Min Capacity: 8M
 Heap Initial Capacity: 62M
 Heap Max Capacity: 984M
 Pre-touch: Disabled
 Parallel Workers: 8
 Concurrent Workers: 2
 Concurrent Refinement Workers: 8
 Periodic GC: Disabled

Heap:
 garbage-first heap   total 63488K, used 9216K [0x00000000c2800000, 0x0000000100000000)
  region size 1024K, 11 young (11264K), 0 survivors (0K)
 Metaspace       used 2440K, committed 2560K, reserved 1114112K
  class space    used 256K, committed 320K, reserved 1048576K

Heap Regions: E=young(eden), S=young(survivor), O=old, HS=humongous(starts), HC=humongous(continues), CS=collection set, F=free, OA=open archive, CA=closed archive, TAMS=top-at-mark-start, PB=parsable bottom
|   0|0x00000000c2800000, 0x00000000c2800000, 0x00000000c2900000|  0%| F|  |TAMS 0x00000000c2800000| PB 0x00000000c2800000| Untracked 
|   1|0x00000000c2900000, 0x00000000c2900000, 0x00000000c2a00000|  0%| F|  |TAMS 0x00000000c2900000| PB 0x00000000c2900000| Untracked 
|   2|0x00000000c2a00000, 0x00000000c2a00000, 0x00000000c2b00000|  0%| F|  |TAMS 0x00000000c2a00000| PB 0x00000000c2a00000| Untracked 
|   3|0x00000000c2b00000, 0x00000000c2b00000, 0x00000000c2c00000|  0%| F|  |TAMS 0x00000000c2b00000| PB 0x00000000c2b00000| Untracked 
|   4|0x00000000c2c00000, 0x00000000c2c00000, 0x00000000c2d00000|  0%| F|  |TAMS 0x00000000c2c00000| PB 0x00000000c2c00000| Untracked 
|   5|0x00000000c2d00000, 0x00000000c2d00000, 0x00000000c2e00000|  0%| F|  |TAMS 0x00000000c2d00000| PB 0x00000000c2d00000| Untracked 
|   6|0x00000000c2e00000, 0x00000000c2e00000, 0x00000000c2f00000|  0%| F|  |TAMS 0x00000000c2e00000| PB 0x00000000c2e00000| Untracked 
|   7|0x00000000c2f00000, 0x00000000c2f00000, 0x00000000c3000000|  0%| F|  |TAMS 0x00000000c2f00000| PB 0x00000000c2f00000| Untracked 
|   8|0x00000000c3000000, 0x00000000c3000000, 0x00000000c3100000|  0%| F|  |TAMS 0x00000000c3000000| PB 0x00000000c3000000| Untracked 
|   9|0x00000000c3100000, 0x00000000c3100000, 0x00000000c3200000|  0%| F|  |TAMS 0x00000000c3100000| PB 0x00000000c3100000| Untracked 
|  10|0x00000000c3200000, 0x00000000c3200000, 0x00000000c3300000|  0%| F|  |TAMS 0x00000000c3200000| PB 0x00000000c3200000| Untracked 
|  11|0x00000000c3300000, 0x00000000c3300000, 0x00000000c3400000|  0%| F|  |TAMS 0x00000000c3300000| PB 0x00000000c3300000| Untracked 
|  12|0x00000000c3400000, 0x00000000c3400000, 0x00000000c3500000|  0%| F|  |TAMS 0x00000000c3400000| PB 0x00000000c3400000| Untracked 
|  13|0x00000000c3500000, 0x00000000c3500000, 0x00000000c3600000|  0%| F|  |TAMS 0x00000000c3500000| PB 0x00000000c3500000| Untracked 
|  14|0x00000000c3600000, 0x00000000c3600000, 0x00000000c3700000|  0%| F|  |TAMS 0x00000000c3600000| PB 0x00000000c3600000| Untracked 
|  15|0x00000000c3700000, 0x00000000c3700000, 0x00000000c3800000|  0%| F|  |TAMS 0x00000000c3700000| PB 0x00000000c3700000| Untracked 
|  16|0x00000000c3800000, 0x00000000c3800000, 0x00000000c3900000|  0%| F|  |TAMS 0x00000000c3800000| PB 0x00000000c3800000| Untracked 
|  17|0x00000000c3900000, 0x00000000c3900000, 0x00000000c3a00000|  0%| F|  |TAMS 0x00000000c3900000| PB 0x00000000c3900000| Untracked 
|  18|0x00000000c3a00000, 0x00000000c3a00000, 0x00000000c3b00000|  0%| F|  |TAMS 0x00000000c3a00000| PB 0x00000000c3a00000| Untracked 
|  19|0x00000000c3b00000, 0x00000000c3b00000, 0x00000000c3c00000|  0%| F|  |TAMS 0x00000000c3b00000| PB 0x00000000c3b00000| Untracked 
|  20|0x00000000c3c00000, 0x00000000c3c00000, 0x00000000c3d00000|  0%| F|  |TAMS 0x00000000c3c00000| PB 0x00000000c3c00000| Untracked 
|  21|0x00000000c3d00000, 0x00000000c3d00000, 0x00000000c3e00000|  0%| F|  |TAMS 0x00000000c3d00000| PB 0x00000000c3d00000| Untracked 
|  22|0x00000000c3e00000, 0x00000000c3e00000, 0x00000000c3f00000|  0%| F|  |TAMS 0x00000000c3e00000| PB 0x00000000c3e00000| Untracked 
|  23|0x00000000c3f00000, 0x00000000c3f00000, 0x00000000c4000000|  0%| F|  |TAMS 0x00000000c3f00000| PB 0x00000000c3f00000| Untracked 
|  24|0x00000000c4000000, 0x00000000c4000000, 0x00000000c4100000|  0%| F|  |TAMS 0x00000000c4000000| PB 0x00000000c4000000| Untracked 
|  25|0x00000000c4100000, 0x00000000c4100000, 0x00000000c4200000|  0%| F|  |TAMS 0x00000000c4100000| PB 0x00000000c4100000| Untracked 
|  26|0x00000000c4200000, 0x00000000c4200000, 0x00000000c4300000|  0%| F|  |TAMS 0x00000000c4200000| PB 0x00000000c4200000| Untracked 
|  27|0x00000000c4300000, 0x00000000c4300000, 0x00000000c4400000|  0%| F|  |TAMS 0x00000000c4300000| PB 0x00000000c4300000| Untracked 
|  28|0x00000000c4400000, 0x00000000c4400000, 0x00000000c4500000|  0%| F|  |TAMS 0x00000000c4400000| PB 0x00000000c4400000| Untracked 
|  29|0x00000000c4500000, 0x00000000c4500000, 0x00000000c4600000|  0%| F|  |TAMS 0x00000000c4500000| PB 0x00000000c4500000| Untracked 
|  30|0x00000000c4600000, 0x00000000c4600000, 0x00000000c4700000|  0%| F|  |TAMS 0x00000000c4600000| PB 0x00000000c4600000| Untracked 
|  31|0x00000000c4700000, 0x00000000c4700000, 0x00000000c4800000|  0%| F|  |TAMS 0x00000000c4700000| PB 0x00000000c4700000| Untracked 
|  32|0x00000000c4800000, 0x00000000c4800000, 0x00000000c4900000|  0%| F|  |TAMS 0x00000000c4800000| PB 0x00000000c4800000| Untracked 
|  33|0x00000000c4900000, 0x00000000c4900000, 0x00000000c4a00000|  0%| F|  |TAMS 0x00000000c4900000| PB 0x00000000c4900000| Untracked 
|  34|0x00000000c4a00000, 0x00000000c4a00000, 0x00000000c4b00000|  0%| F|  |TAMS 0x00000000c4a00000| PB 0x00000000c4a00000| Untracked 
|  35|0x00000000c4b00000, 0x00000000c4b00000, 0x00000000c4c00000|  0%| F|  |TAMS 0x00000000c4b00000| PB 0x00000000c4b00000| Untracked 
|  36|0x00000000c4c00000, 0x00000000c4c00000, 0x00000000c4d00000|  0%| F|  |TAMS 0x00000000c4c00000| PB 0x00000000c4c00000| Untracked 
|  37|0x00000000c4d00000, 0x00000000c4d00000, 0x00000000c4e00000|  0%| F|  |TAMS 0x00000000c4d00000| PB 0x00000000c4d00000| Untracked 
|  38|0x00000000c4e00000, 0x00000000c4e00000, 0x00000000c4f00000|  0%| F|  |TAMS 0x00000000c4e00000| PB 0x00000000c4e00000| Untracked 
|  39|0x00000000c4f00000, 0x00000000c4f00000, 0x00000000c5000000|  0%| F|  |TAMS 0x00000000c4f00000| PB 0x00000000c4f00000| Untracked 
|  40|0x00000000c5000000, 0x00000000c5000000, 0x00000000c5100000|  0%| F|  |TAMS 0x00000000c5000000| PB 0x00000000c5000000| Untracked 
|  41|0x00000000c5100000, 0x00000000c5100000, 0x00000000c5200000|  0%| F|  |TAMS 0x00000000c5100000| PB 0x00000000c5100000| Untracked 
|  42|0x00000000c5200000, 0x00000000c5200000, 0x00000000c5300000|  0%| F|  |TAMS 0x00000000c5200000| PB 0x00000000c5200000| Untracked 
|  43|0x00000000c5300000, 0x00000000c5300000, 0x00000000c5400000|  0%| F|  |TAMS 0x00000000c5300000| PB 0x00000000c5300000| Untracked 
|  44|0x00000000c5400000, 0x00000000c5400000, 0x00000000c5500000|  0%| F|  |TAMS 0x00000000c5400000| PB 0x00000000c5400000| Untracked 
|  45|0x00000000c5500000, 0x00000000c5500000, 0x00000000c5600000|  0%| F|  |TAMS 0x00000000c5500000| PB 0x00000000c5500000| Untracked 
|  46|0x00000000c5600000, 0x00000000c5600000, 0x00000000c5700000|  0%| F|  |TAMS 0x00000000c5600000| PB 0x00000000c5600000| Untracked 
|  47|0x00000000c5700000, 0x00000000c5700000, 0x00000000c5800000|  0%| F|  |TAMS 0x00000000c5700000| PB 0x00000000c5700000| Untracked 
|  48|0x00000000c5800000, 0x00000000c5800000, 0x00000000c5900000|  0%| F|  |TAMS 0x00000000c5800000| PB 0x00000000c5800000| Untracked 
|  49|0x00000000c5900000, 0x00000000c5900000, 0x00000000c5a00000|  0%| F|  |TAMS 0x00000000c5900000| PB 0x00000000c5900000| Untracked 
|  50|0x00000000c5a00000, 0x00000000c5a00000, 0x00000000c5b00000|  0%| F|  |TAMS 0x00000000c5a00000| PB 0x00000000c5a00000| Untracked 
|  51|0x00000000c5b00000, 0x00000000c5b85ae8, 0x00000000c5c00000| 52%| E|  |TAMS 0x00000000c5b00000| PB 0x00000000c5b00000| Complete 
|  52|0x00000000c5c00000, 0x00000000c5d00000, 0x00000000c5d00000|100%| E|  |TAMS 0x00000000c5c00000| PB 0x00000000c5c00000| Complete 
|  53|0x00000000c5d00000, 0x00000000c5e00000, 0x00000000c5e00000|100%| E|CS|TAMS 0x00000000c5d00000| PB 0x00000000c5d00000| Complete 
|  54|0x00000000c5e00000, 0x00000000c5f00000, 0x00000000c5f00000|100%| E|CS|TAMS 0x00000000c5e00000| PB 0x00000000c5e00000| Complete 
|  55|0x00000000c5f00000, 0x00000000c6000000, 0x00000000c6000000|100%| E|CS|TAMS 0x00000000c5f00000| PB 0x00000000c5f00000| Complete 
|  56|0x00000000c6000000, 0x00000000c6100000, 0x00000000c6100000|100%| E|CS|TAMS 0x00000000c6000000| PB 0x00000000c6000000| Complete 
|  57|0x00000000c6100000, 0x00000000c6200000, 0x00000000c6200000|100%| E|CS|TAMS 0x00000000c6100000| PB 0x00000000c6100000| Complete 
|  58|0x00000000c6200000, 0x00000000c6300000, 0x00000000c6300000|100%| E|CS|TAMS 0x00000000c6200000| PB 0x00000000c6200000| Complete 
|  59|0x00000000c6300000, 0x00000000c6400000, 0x00000000c6400000|100%| E|CS|TAMS 0x00000000c6300000| PB 0x00000000c6300000| Complete 
|  60|0x00000000c6400000, 0x00000000c6500000, 0x00000000c6500000|100%| E|CS|TAMS 0x00000000c6400000| PB 0x00000000c6400000| Complete 
|  61|0x00000000c6500000, 0x00000000c6600000, 0x00000000c6600000|100%| E|CS|TAMS 0x00000000c6500000| PB 0x00000000c6500000| Complete 

Card table byte_map: [0x000002659d150000,0x000002659d340000] _byte_map_base: 0x000002659cb3c000

Marking Bits: (CMBitMap*) 0x0000026585bc75d0
 Bits: [0x000002659d530000, 0x000002659e490000)

Polling page: 0x0000026585340000

Metaspace:

Usage:
  Non-class:      2.13 MB used.
      Class:    256.51 KB used.
       Both:      2.38 MB used.

Virtual space:
  Non-class space:       64.00 MB reserved,       2.19 MB (  3%) committed,  1 nodes.
      Class space:        1.00 GB reserved,     320.00 KB ( <1%) committed,  1 nodes.
             Both:        1.06 GB reserved,       2.50 MB ( <1%) committed. 

Chunk freelists:
   Non-Class:  3.51 MB
       Class:  3.63 MB
        Both:  7.14 MB

MaxMetaspaceSize: unlimited
CompressedClassSpaceSize: 1.00 GB
Initial GC threshold: 21.00 MB
Current GC threshold: 21.00 MB
CDS: on
MetaspaceReclaimPolicy: balanced
 - commit_granule_bytes: 65536.
 - commit_granule_words: 8192.
 - virtual_space_node_default_size: 8388608.
 - enlarge_chunks_in_place: 1.
 - new_chunks_are_fully_committed: 0.
 - uncommit_free_chunks: 1.
 - use_allocation_guard: 0.


Internal statistics:

num_allocs_failed_limit: 0.
num_arena_births: 98.
num_arena_deaths: 0.
num_vsnodes_births: 2.
num_vsnodes_deaths: 0.
num_space_committed: 40.
num_space_uncommitted: 0.
num_chunks_returned_to_freelist: 0.
num_chunks_taken_from_freelist: 134.
num_chunk_merges: 0.
num_chunk_splits: 87.
num_chunks_enlarged: 48.
num_inconsistent_stats: 0.

CodeHeap 'non-profiled nmethods': size=120000Kb used=162Kb max_used=162Kb free=119837Kb
 bounds [0x0000026595700000, 0x0000026595970000, 0x000002659cc30000]
CodeHeap 'profiled nmethods': size=120000Kb used=993Kb max_used=993Kb free=119006Kb
 bounds [0x000002658dc30000, 0x000002658dea0000, 0x0000026595160000]
CodeHeap 'non-nmethods': size=5760Kb used=1390Kb max_used=1390Kb free=4369Kb
 bounds [0x0000026595160000, 0x00000265953d0000, 0x0000026595700000]
 total_blobs=1072 nmethods=635 adapters=348
 compilation: enabled
              stopped_count=0, restarted_count=0
 full_count=0

Compilation events (20 events):
Event: 1.179 Thread 0x00000265a0e88a50 nmethod 643 0x000002658dd16810 code [0x000002658dd169c0, 0x000002658dd16d98]
Event: 1.179 Thread 0x00000265a0e88a50  641       3       sun.security.provider.MD5::HH (23 bytes)
Event: 1.179 Thread 0x00000265a0e88a50 nmethod 641 0x000002658dd16f10 code [0x000002658dd170a0, 0x000002658dd17218]
Event: 1.179 Thread 0x00000265a0e88a50  642       3       sun.security.provider.MD5::II (25 bytes)
Event: 1.179 Thread 0x00000265a0e88a50 nmethod 642 0x000002658dd17310 code [0x000002658dd174a0, 0x000002658dd17618]
Event: 1.179 Thread 0x00000265a0e88a50  644       3       jdk.internal.misc.Unsafe::getIntUnaligned (12 bytes)
Event: 1.179 Thread 0x00000265a0e88a50 nmethod 644 0x000002658dd17710 code [0x000002658dd178a0, 0x000002658dd17b08]
Event: 1.179 Thread 0x00000265a0e88a50  645       3       sun.security.provider.MD5::FF (27 bytes)
Event: 1.179 Thread 0x00000265a0e88a50 nmethod 645 0x000002658dd17c10 code [0x000002658dd17da0, 0x000002658dd17f20]
Event: 1.182 Thread 0x00000265a0e88a50  647       2       sun.security.provider.MD5::implCompress (13 bytes)
Event: 1.183 Thread 0x00000265a0e88a50 nmethod 647 0x000002658dd18010 code [0x000002658dd181c0, 0x000002658dd18420]
Event: 1.183 Thread 0x00000265a0e88a50  648       2       sun.security.provider.MD5::implCompressCheck (18 bytes)
Event: 1.183 Thread 0x00000265a0e88a50 nmethod 648 0x000002658dd18590 code [0x000002658dd18740, 0x000002658dd18968]
Event: 1.183 Thread 0x00000265a0e88a50  649       2       sun.security.provider.MD5::implCompress0 (1407 bytes)
Event: 1.191 Thread 0x00000265a0e88a50 nmethod 649 0x000002658dd18b10 code [0x000002658dd18e80, 0x000002658dd1a588]
Event: 1.211 Thread 0x00000265a0e88a50  650       2       java.lang.String::startsWith (7 bytes)
Event: 1.212 Thread 0x00000265a0e88a50 nmethod 650 0x000002658dd1c110 code [0x000002658dd1c2a0, 0x000002658dd1c3c0]
Event: 1.239 Thread 0x00000265a0e88a50  654       3       sun.security.provider.MD5::implCompress (13 bytes)
Event: 1.239 Thread 0x00000265a0e88a50 nmethod 654 0x000002658dd1c490 code [0x000002658dd1c660, 0x000002658dd1caa0]
Event: 1.240 Thread 0x00000265a0e88a50  655       3       sun.security.provider.MD5::implCompress0 (1407 bytes)

GC Heap History (0 events):
No events

Dll operation events (11 events):
Event: 0.057 Loaded shared library C:\Program Files\Java\jdk-20\bin\java.dll
Event: 0.099 Loaded shared library C:\Program Files\Java\jdk-20\bin\jsvml.dll
Event: 0.318 Loaded shared library C:\Program Files\Java\jdk-20\bin\net.dll
Event: 0.326 Loaded shared library C:\Program Files\Java\jdk-20\bin\nio.dll
Event: 0.347 Loaded shared library C:\Program Files\Java\jdk-20\bin\zip.dll
Event: 0.722 Loaded shared library C:\Program Files\Java\jdk-20\bin\zip.dll
Event: 0.732 Loaded shared library C:\Program Files\Java\jdk-20\bin\instrument.dll
Event: 0.795 Loaded shared library C:\Program Files\JetBrains\IntelliJ IDEA Community Edition 2023.1.1\bin\breakgen64.dll
Event: 1.205 Loaded shared library C:\Users\aysea\.openjfx\cache\20+19\amd64\api-ms-win-core-console-l1-1-0.dll
Event: 1.218 Loaded shared library C:\Users\aysea\.openjfx\cache\20+19\amd64\api-ms-win-core-console-l1-2-0.dll
Event: 1.232 Loaded shared library C:\Users\aysea\.openjfx\cache\20+19\amd64\api-ms-win-core-datetime-l1-1-0.dll

Deoptimization events (20 events):
Event: 0.615 Thread 0x0000026585b87180 Uncommon trap: trap_request=0xffffff45 fr.pc=0x0000026595708634 relative=0x00000000000000b4
Event: 0.615 Thread 0x0000026585b87180 Uncommon trap: reason=unstable_if action=reinterpret pc=0x0000026595708634 method=java.lang.String.isLatin1()Z @ 10 c2
Event: 0.615 Thread 0x0000026585b87180 DEOPT PACKING pc=0x0000026595708634 sp=0x00000091184fdf60
Event: 0.615 Thread 0x0000026585b87180 DEOPT UNPACKING pc=0x00000265951c9d22 sp=0x00000091184fdea0 mode 2
Event: 0.615 Thread 0x0000026585b87180 Uncommon trap: trap_request=0xffffff45 fr.pc=0x0000026595710b30 relative=0x0000000000000490
Event: 0.615 Thread 0x0000026585b87180 Uncommon trap: reason=unstable_if action=reinterpret pc=0x0000026595710b30 method=java.lang.String.isLatin1()Z @ 10 c2
Event: 0.615 Thread 0x0000026585b87180 DEOPT PACKING pc=0x0000026595710b30 sp=0x00000091184fdf10
Event: 0.615 Thread 0x0000026585b87180 DEOPT UNPACKING pc=0x00000265951c9d22 sp=0x00000091184fde80 mode 2
Event: 0.701 Thread 0x0000026585b87180 Uncommon trap: trap_request=0xffffff45 fr.pc=0x000002659570f768 relative=0x0000000000000628
Event: 0.701 Thread 0x0000026585b87180 Uncommon trap: reason=unstable_if action=reinterpret pc=0x000002659570f768 method=java.util.ImmutableCollections$SetN.probe(Ljava/lang/Object;)I @ 34 c2
Event: 0.701 Thread 0x0000026585b87180 DEOPT PACKING pc=0x000002659570f768 sp=0x00000091184ff050
Event: 0.702 Thread 0x0000026585b87180 DEOPT UNPACKING pc=0x00000265951c9d22 sp=0x00000091184feff0 mode 2
Event: 0.710 Thread 0x0000026585b87180 Uncommon trap: trap_request=0xffffff45 fr.pc=0x00000265957113f8 relative=0x00000000000003d8
Event: 0.710 Thread 0x0000026585b87180 Uncommon trap: reason=unstable_if action=reinterpret pc=0x00000265957113f8 method=java.lang.StringLatin1.newString([BII)Ljava/lang/String; @ 1 c2
Event: 0.710 Thread 0x0000026585b87180 DEOPT PACKING pc=0x00000265957113f8 sp=0x00000091184fee00
Event: 0.710 Thread 0x0000026585b87180 DEOPT UNPACKING pc=0x00000265951c9d22 sp=0x00000091184fedc8 mode 2
Event: 1.087 Thread 0x0000026585b87180 Uncommon trap: trap_request=0xffffff45 fr.pc=0x000002659570ca0c relative=0x000000000000066c
Event: 1.087 Thread 0x0000026585b87180 Uncommon trap: reason=unstable_if action=reinterpret pc=0x000002659570ca0c method=jdk.internal.module.Checks.isJavaIdentifier(Ljava/lang/String;)Z @ 4 c2
Event: 1.087 Thread 0x0000026585b87180 DEOPT PACKING pc=0x000002659570ca0c sp=0x00000091184fed00
Event: 1.087 Thread 0x0000026585b87180 DEOPT UNPACKING pc=0x00000265951c9d22 sp=0x00000091184feca0 mode 2

Classes loaded (20 events):
Event: 1.165 Loading class java/lang/constant/MethodHandleDesc
Event: 1.166 Loading class java/lang/constant/MethodHandleDesc done
Event: 1.166 Loading class java/lang/constant/MethodHandleDesc$1
Event: 1.166 Loading class java/lang/constant/MethodHandleDesc$1 done
Event: 1.166 Loading class java/lang/constant/DirectMethodHandleDescImpl
Event: 1.166 Loading class java/lang/constant/DirectMethodHandleDesc
Event: 1.166 Loading class java/lang/constant/DirectMethodHandleDesc done
Event: 1.166 Loading class java/lang/constant/DirectMethodHandleDescImpl done
Event: 1.167 Loading class java/lang/constant/DirectMethodHandleDescImpl$1
Event: 1.167 Loading class java/lang/constant/DirectMethodHandleDescImpl$1 done
Event: 1.167 Loading class java/lang/constant/DirectMethodHandleDesc$1
Event: 1.167 Loading class java/lang/constant/DirectMethodHandleDesc$1 done
Event: 1.167 Loading class java/lang/constant/PrimitiveClassDescImpl
Event: 1.168 Loading class java/lang/constant/DynamicConstantDesc
Event: 1.168 Loading class java/lang/constant/DynamicConstantDesc done
Event: 1.168 Loading class java/lang/constant/PrimitiveClassDescImpl done
Event: 1.169 Loading class java/lang/constant/DynamicConstantDesc$AnonymousDynamicConstantDesc
Event: 1.169 Loading class java/lang/constant/DynamicConstantDesc$AnonymousDynamicConstantDesc done
Event: 1.179 Loading class sun/security/provider/ByteArrayAccess
Event: 1.179 Loading class sun/security/provider/ByteArrayAccess done

Classes unloaded (0 events):
No events

Classes redefined (0 events):
No events

Internal exceptions (9 events):
Event: 0.568 Thread 0x0000026585b87180 Exception <a 'java/lang/NoSuchMethodError'{0x00000000c60c2a90}: 'void java.lang.invoke.DirectMethodHandle$Holder.invokeVirtual(java.lang.Object, java.lang.Object)'> (0x00000000c60c2a90) 
thrown [s\open\src\hotspot\share\interpreter\linkResolver.cpp, line 773]
Event: 0.571 Thread 0x0000026585b87180 Exception <a 'java/lang/NoSuchMethodError'{0x00000000c60ce470}: 'java.lang.Object java.lang.invoke.DirectMethodHandle$Holder.invokeInterface(java.lang.Object, java.lang.Object, java.lang.Object)'> (0x00000000c60ce470) 
thrown [s\open\src\hotspot\share\interpreter\linkResolver.cpp, line 773]
Event: 0.769 Thread 0x0000026585b87180 Exception <a 'java/lang/NoSuchMethodError'{0x00000000c5fcbb98}: 'void java.lang.invoke.DirectMethodHandle$Holder.invokeStatic(java.lang.Object, java.lang.Object, java.lang.Object)'> (0x00000000c5fcbb98) 
thrown [s\open\src\hotspot\share\interpreter\linkResolver.cpp, line 773]
Event: 0.780 Thread 0x0000026585b87180 Exception <a 'java/lang/NoSuchMethodError'{0x00000000c5fe23b0}: 'java.lang.Object java.lang.invoke.Invokers$Holder.invokeExact_MT(java.lang.Object, java.lang.Object, java.lang.Object, java.lang.Object, java.lang.Object)'> (0x00000000c5fe23b0) 
thrown [s\open\src\hotspot\share\interpreter\linkResolver.cpp, line 773]
Event: 0.842 Thread 0x00000265a5a05e40 Exception <a 'java/lang/ClassNotFoundException'{0x00000000c5ff2358}: jdk/net/ExtendedSocketOptions> (0x00000000c5ff2358) 
thrown [s\open\src\hotspot\share\classfile\systemDictionary.cpp, line 305]
Event: 0.844 Thread 0x00000265a5a05e40 Exception <a 'java/lang/NoSuchMethodError'{0x00000000c5ff3b78}: 'void java.lang.invoke.DirectMethodHandle$Holder.invokeStatic(java.lang.Object, java.lang.Object)'> (0x00000000c5ff3b78) 
thrown [s\open\src\hotspot\share\interpreter\linkResolver.cpp, line 773]
Event: 0.862 Thread 0x0000026585b87180 Exception <a 'java/lang/NoSuchMethodError'{0x00000000c5e881d8}: 'void java.lang.invoke.DirectMethodHandle$Holder.invokeStatic(java.lang.Object, java.lang.Object, java.lang.Object, java.lang.Object)'> (0x00000000c5e881d8) 
thrown [s\open\src\hotspot\share\interpreter\linkResolver.cpp, line 773]
Event: 0.863 Thread 0x0000026585b87180 Exception <a 'java/lang/NoSuchMethodError'{0x00000000c5e8be78}: 'void java.lang.invoke.DirectMethodHandle$Holder.invokeSpecial(java.lang.Object, java.lang.Object, java.lang.Object, java.lang.Object, java.lang.Object)'> (0x00000000c5e8be78) 
thrown [s\open\src\hotspot\share\interpreter\linkResolver.cpp, line 773]
Event: 0.872 Thread 0x0000026585b87180 Exception <a 'java/lang/NoSuchMethodError'{0x00000000c5e9d960}: 'java.lang.Object java.lang.invoke.Invokers$Holder.invokeExact_MT(java.lang.Object, java.lang.Object, java.lang.Object, java.lang.Object, java.lang.Object, java.lang.Object)'> (0x00000000c5e9d960) 
thrown [s\open\src\hotspot\share\interpreter\linkResolver.cpp, line 773]

VM Operations (6 events):
Event: 0.696 Executing VM operation: HandshakeAllThreads
Event: 0.696 Executing VM operation: HandshakeAllThreads done
Event: 0.697 Executing VM operation: HandshakeAllThreads
Event: 0.697 Executing VM operation: HandshakeAllThreads done
Event: 0.813 Executing VM operation: HandshakeAllThreads
Event: 0.813 Executing VM operation: HandshakeAllThreads done

Events (12 events):
Event: 0.100 Thread 0x0000026585b87180 Thread added: 0x0000026585b87180
Event: 0.190 Thread 0x00000265a0e75e70 Thread added: 0x00000265a0e75e70
Event: 0.191 Thread 0x00000265a0e78f90 Thread added: 0x00000265a0e78f90
Event: 0.191 Thread 0x00000265a0e79d90 Thread added: 0x00000265a0e79d90
Event: 0.192 Thread 0x00000265a0e7d6f0 Thread added: 0x00000265a0e7d6f0
Event: 0.192 Thread 0x00000265a0e7e270 Thread added: 0x00000265a0e7e270
Event: 0.192 Thread 0x00000265a0e7ebb0 Thread added: 0x00000265a0e7ebb0
Event: 0.192 Thread 0x00000265a0e80830 Thread added: 0x00000265a0e80830
Event: 0.194 Thread 0x00000265a0e88a50 Thread added: 0x00000265a0e88a50
Event: 0.286 Thread 0x00000265a517aa90 Thread added: 0x00000265a517aa90
Event: 0.799 Thread 0x00000265a5a05e40 Thread added: 0x00000265a5a05e40
Event: 0.799 Thread 0x00000265a5a0b3d0 Thread added: 0x00000265a5a0b3d0


Dynamic libraries:
0x00007ff7e3860000 - 0x00007ff7e3870000 	C:\Program Files\Java\jdk-20\bin\java.exe
0x00007ffecc730000 - 0x00007ffecc947000 	C:\WINDOWS\SYSTEM32\ntdll.dll
0x00007ffea88a0000 - 0x00007ffea88b9000 	C:\Program Files\Avast Software\Avast\aswhook.dll
0x00007ffecb430000 - 0x00007ffecb4f4000 	C:\WINDOWS\System32\KERNEL32.DLL
0x00007ffec9b60000 - 0x00007ffec9f06000 	C:\WINDOWS\System32\KERNELBASE.dll
0x00007ffec9f10000 - 0x00007ffeca021000 	C:\WINDOWS\System32\ucrtbase.dll
0x00007ffec2cf0000 - 0x00007ffec2d09000 	C:\Program Files\Java\jdk-20\bin\jli.dll
0x00007ffecbb30000 - 0x00007ffecbbe3000 	C:\WINDOWS\System32\ADVAPI32.dll
0x00007ffecbfe0000 - 0x00007ffecc087000 	C:\WINDOWS\System32\msvcrt.dll
0x00007ffecc090000 - 0x00007ffecc138000 	C:\WINDOWS\System32\sechost.dll
0x00007ffec4a60000 - 0x00007ffec4a7b000 	C:\Program Files\Java\jdk-20\bin\VCRUNTIME140.dll
0x00007ffeca030000 - 0x00007ffeca058000 	C:\WINDOWS\System32\bcrypt.dll
0x00007ffeca510000 - 0x00007ffeca627000 	C:\WINDOWS\System32\RPCRT4.dll
0x00007ffecbbf0000 - 0x00007ffecbd9e000 	C:\WINDOWS\System32\USER32.dll
0x00007ffeb6fb0000 - 0x00007ffeb7243000 	C:\WINDOWS\WinSxS\amd64_microsoft.windows.common-controls_6595b64144ccf1df_6.0.22621.2506_none_270c5ae97388e100\COMCTL32.dll
0x00007ffec9b30000 - 0x00007ffec9b56000 	C:\WINDOWS\System32\win32u.dll
0x00007ffecaab0000 - 0x00007ffecaad9000 	C:\WINDOWS\System32\GDI32.dll
0x00007ffebfc80000 - 0x00007ffebfc8a000 	C:\WINDOWS\SYSTEM32\VERSION.dll
0x00007ffeca180000 - 0x00007ffeca298000 	C:\WINDOWS\System32\gdi32full.dll
0x00007ffeca060000 - 0x00007ffeca0fa000 	C:\WINDOWS\System32\msvcp_win.dll
0x00007ffecb9a0000 - 0x00007ffecb9d1000 	C:\WINDOWS\System32\IMM32.DLL
0x00007ffec6870000 - 0x00007ffec687c000 	C:\Program Files\Java\jdk-20\bin\vcruntime140_1.dll
0x00007ffe392f0000 - 0x00007ffe3937e000 	C:\Program Files\Java\jdk-20\bin\msvcp140.dll
0x00007ffdbb900000 - 0x00007ffdbc597000 	C:\Program Files\Java\jdk-20\bin\server\jvm.dll
0x00007ffeb21a0000 - 0x00007ffeb21a9000 	C:\WINDOWS\SYSTEM32\WSOCK32.dll
0x00007ffecaa30000 - 0x00007ffecaaa1000 	C:\WINDOWS\System32\WS2_32.dll
0x00007ffec2180000 - 0x00007ffec21b4000 	C:\WINDOWS\SYSTEM32\WINMM.dll
0x00007ffec8b90000 - 0x00007ffec8ba8000 	C:\WINDOWS\SYSTEM32\kernel.appcore.dll
0x00007ffec67f0000 - 0x00007ffec67fa000 	C:\Program Files\Java\jdk-20\bin\jimage.dll
0x00007ffec6f50000 - 0x00007ffec7183000 	C:\WINDOWS\SYSTEM32\DBGHELP.DLL
0x00007ffeca630000 - 0x00007ffeca9b9000 	C:\WINDOWS\System32\combase.dll
0x00007ffecc240000 - 0x00007ffecc317000 	C:\WINDOWS\System32\OLEAUT32.dll
0x00007ffebc290000 - 0x00007ffebc2c2000 	C:\WINDOWS\SYSTEM32\dbgcore.DLL
0x00007ffeca100000 - 0x00007ffeca17a000 	C:\WINDOWS\System32\bcryptPrimitives.dll
0x00007ffec2b20000 - 0x00007ffec2b2e000 	C:\Program Files\Java\jdk-20\bin\instrument.dll
0x00007ffe39440000 - 0x00007ffe39466000 	C:\Program Files\Java\jdk-20\bin\java.dll
0x00007ffe39210000 - 0x00007ffe392e7000 	C:\Program Files\Java\jdk-20\bin\jsvml.dll
0x00007ffecab70000 - 0x00007ffecb3ca000 	C:\WINDOWS\System32\SHELL32.dll
0x00007ffec79c0000 - 0x00007ffec82b6000 	C:\WINDOWS\SYSTEM32\windows.storage.dll
0x00007ffec7880000 - 0x00007ffec79be000 	C:\WINDOWS\SYSTEM32\wintypes.dll
0x00007ffecc320000 - 0x00007ffecc413000 	C:\WINDOWS\System32\SHCORE.dll
0x00007ffecbda0000 - 0x00007ffecbdfe000 	C:\WINDOWS\System32\shlwapi.dll
0x00007ffec99a0000 - 0x00007ffec99c6000 	C:\WINDOWS\SYSTEM32\profapi.dll
0x00007ffebc1a0000 - 0x00007ffebc1b3000 	C:\Program Files\Java\jdk-20\bin\net.dll
0x00007ffec2430000 - 0x00007ffec2567000 	C:\WINDOWS\SYSTEM32\WINHTTP.dll
0x00007ffec9010000 - 0x00007ffec9079000 	C:\WINDOWS\system32\mswsock.dll
0x00007ffe391f0000 - 0x00007ffe39206000 	C:\Program Files\Java\jdk-20\bin\nio.dll
0x00007ffe391a0000 - 0x00007ffe391b8000 	C:\Program Files\Java\jdk-20\bin\zip.dll
0x00007ffe39070000 - 0x00007ffe3908a000 	C:\Program Files\JetBrains\IntelliJ IDEA Community Edition 2023.1.1\bin\breakgen64.dll
0x0000026585b00000 - 0x0000026585b03000 	C:\Users\aysea\.openjfx\cache\20+19\amd64\api-ms-win-core-console-l1-1-0.dll
0x0000026585b10000 - 0x0000026585b13000 	C:\Users\aysea\.openjfx\cache\20+19\amd64\api-ms-win-core-console-l1-2-0.dll
0x0000026585b20000 - 0x0000026585b23000 	C:\Users\aysea\.openjfx\cache\20+19\amd64\api-ms-win-core-datetime-l1-1-0.dll
0x0000026585b30000 - 0x0000026585b33000 	C:\Users\aysea\.openjfx\cache\20+19\amd64\api-ms-win-core-debug-l1-1-0.dll
0x00000265a0f20000 - 0x00000265a0f23000 	C:\Users\aysea\.openjfx\cache\20+19\amd64\api-ms-win-core-errorhandling-l1-1-0.dll
0x00000265a0f30000 - 0x00000265a0f34000 	C:\Users\aysea\.openjfx\cache\20+19\amd64\api-ms-win-core-file-l1-1-0.dll
0x00000265a0f40000 - 0x00000265a0f43000 	C:\Users\aysea\.openjfx\cache\20+19\amd64\api-ms-win-core-file-l1-2-0.dll

dbghelp: loaded successfully - version: 4.0.5 - missing functions: none
symbol engine: initialized successfully - sym options: 0x614 - pdb path: .;C:\Program Files\Java\jdk-20\bin;C:\WINDOWS\SYSTEM32;C:\Program Files\Avast Software\Avast;C:\WINDOWS\WinSxS\amd64_microsoft.windows.common-controls_6595b64144ccf1df_6.0.22621.2506_none_270c5ae97388e100;C:\Program Files\Java\jdk-20\bin\server;C:\Program Files\JetBrains\IntelliJ IDEA Community Edition 2023.1.1\bin;C:\Users\aysea\.openjfx\cache\20+19\amd64

VM Arguments:
jvm_args: -javaagent:C:\Program Files\JetBrains\IntelliJ IDEA Community Edition 2023.1.1\lib\idea_rt.jar=53034:C:\Program Files\JetBrains\IntelliJ IDEA Community Edition 2023.1.1\bin -Dfile.encoding=UTF-8 -Dsun.stdout.encoding=UTF-8 -Dsun.stderr.encoding=UTF-8 --module-path=C:\Users\aysea\.m2\repository\org\openjfx\javafx-base\20\javafx-base-20-win.jar;C:\Users\aysea\.m2\repository\com\dlsc\formsfx\formsfx-core\11.6.0\formsfx-core-11.6.0.jar;C:\Users\aysea\.m2\repository\org\openjfx\javafx-controls\20\javafx-controls-20-win.jar;C:\Users\aysea\.m2\repository\org\openjfx\javafx-graphics\20\javafx-graphics-20-win.jar;C:\Users\aysea\IdeaProjects\Graduation\target\classes;C:\Users\aysea\.m2\repository\org\openjfx\javafx-fxml\20\javafx-fxml-20-win.jar -Djdk.module.main=com.example.graduation 
java_command: com.example.graduation/com.example.graduation.HelloApplication
java_class_path (initial): C:\Users\aysea\.m2\repository\org\openjfx\javafx-controls\20\javafx-controls-20.jar;C:\Users\aysea\.m2\repository\org\openjfx\javafx-graphics\20\javafx-graphics-20.jar;C:\Users\aysea\.m2\repository\org\openjfx\javafx-base\20\javafx-base-20.jar;C:\Users\aysea\.m2\repository\org\openjfx\javafx-fxml\20\javafx-fxml-20.jar;C:\Users\aysea\IdeaProjects\Graduation\lib\mysql-connector-j-8.2.0.jar
Launcher Type: SUN_STANDARD

[Global flags]
     intx CICompilerCount                          = 4                                         {product} {ergonomic}
     uint ConcGCThreads                            = 2                                         {product} {ergonomic}
     uint G1ConcRefinementThreads                  = 8                                         {product} {ergonomic}
   size_t G1HeapRegionSize                         = 1048576                                   {product} {ergonomic}
    uintx GCDrainStackTargetSize                   = 64                                        {product} {ergonomic}
   size_t InitialHeapSize                          = 65011712                                  {product} {ergonomic}
   size_t MarkStackSize                            = 4194304                                   {product} {ergonomic}
   size_t MaxHeapSize                              = 1031798784                                {product} {ergonomic}
   size_t MaxNewSize                               = 618659840                                 {product} {ergonomic}
   size_t MinHeapDeltaBytes                        = 1048576                                   {product} {ergonomic}
   size_t MinHeapSize                              = 8388608                                   {product} {ergonomic}
    uintx NonNMethodCodeHeapSize                   = 5839372                                {pd product} {ergonomic}
    uintx NonProfiledCodeHeapSize                  = 122909434                              {pd product} {ergonomic}
    uintx ProfiledCodeHeapSize                     = 122909434                              {pd product} {ergonomic}
    uintx ReservedCodeCacheSize                    = 251658240                              {pd product} {ergonomic}
     bool SegmentedCodeCache                       = true                                      {product} {ergonomic}
   size_t SoftMaxHeapSize                          = 1031798784                             {manageable} {ergonomic}
     bool UseCompressedClassPointers               = true                           {product lp64_product} {ergonomic}
     bool UseCompressedOops                        = true                           {product lp64_product} {ergonomic}
     bool UseG1GC                                  = true                                      {product} {ergonomic}
     bool UseLargePagesIndividualAllocation        = false                                  {pd product} {ergonomic}

Logging:
Log output configuration:
 #0: stdout all=warning uptime,level,tags foldmultilines=false
 #1: stderr all=off uptime,level,tags foldmultilines=false

Environment Variables:
JAVA_HOME=C:\Program Files\Java\jdk-20
PATH=C:\Program Files\Java\jdk-20\bin;C:\Program Files\Common Files\Oracle\Java\javapath;C:\Windows\system32;C:\Windows;C:\Windows\System32\Wbem;C:\Windows\System32\WindowsPowerShell\v1.0\;C:\Windows\System32\OpenSSH\;C:\Program Files (x86)\NVIDIA Corporation\PhysX\Common;C:\Program Files\NVIDIA Corporation\NVIDIA NvDLISR;C:\WINDOWS\system32;C:\WINDOWS;C:\WINDOWS\System32\Wbem;C:\WINDOWS\System32\WindowsPowerShell\v1.0\;C:\WINDOWS\System32\OpenSSH\;C:\Program Files\Microsoft SQL Server\150\Tools\Binn\;C:\Program Files\Microsoft SQL Server\Client SDK\ODBC\170\Tools\Binn\;C:\Program Files\dotnet\;C:\Program Files\nodejs\;C:\WINDOWS\system32;C:\WINDOWS;C:\WINDOWS\System32\Wbem;C:\WINDOWS\System32\WindowsPowerShell\v1.0\;C:\WINDOWS\System32\OpenSSH\;C:\Program Files\MATLAB\R2023a\bin;C:\Program Files\Git\cmd;C:\Program Files\MySQL\MySQL Shell 8.0\bin\;C:\Users\aysea\AppData\Local\Microsoft\WindowsApps;C:\Users\aysea\.dotnet\tools;C:\Users\aysea\AppData\Local\Programs\Microsoft VS Code\bin;C:\Users\aysea\AppData\Roaming\npm;
USERNAME=aysea
OS=Windows_NT
PROCESSOR_IDENTIFIER=Intel64 Family 6 Model 142 Stepping 12, GenuineIntel
TMP=C:\Users\aysea\AppData\Local\Temp
TEMP=C:\Users\aysea\AppData\Local\Temp




---------------  S Y S T E M  ---------------

OS:
 Windows 11 , 64 bit Build 22621 (10.0.22621.2506)
OS uptime: 11 days 4:13 hours

CPU: total 8 (initial active 8) (4 cores per cpu, 2 threads per core) family 6 model 142 stepping 12 microcode 0xde, cx8, cmov, fxsr, ht, mmx, 3dnowpref, sse, sse2, sse3, ssse3, sse4.1, sse4.2, popcnt, lzcnt, tsc, tscinvbit, avx, avx2, aes, erms, clmul, bmi1, bmi2, adx, fma, vzeroupper, clflush, clflushopt, rdtscp, f16c

Memory: 4k page, system-wide physical 3929M (17M free)
TotalPageFile size 16217M (AvailPageFile size 0M)
current process WorkingSet (physical memory assigned to process): 67M, peak: 67M
current process commit charge ("private bytes"): 166M, peak: 166M

vm_info: Java HotSpot(TM) 64-Bit Server VM (20.0.1+9-29) for windows-amd64 JRE (20.0.1+9-29), built on 2023-03-07T13:56:11Z by "mach5one" with MS VC++ 17.1 (VS2022)

END.
